<?xml version="1.0" encoding="UTF-8"?>
<testng-results ignored="0" total="4" passed="3" failed="1" skipped="0">
  <reporter-output>
  </reporter-output>
  <suite started-at="2025-07-31T14:55:20 IST" name="Janitri Test Suite" finished-at="2025-07-31T14:56:12 IST" duration-ms="51480">
    <groups>
    </groups>
    <test started-at="2025-07-31T14:55:20 IST" name="Login Tests" finished-at="2025-07-31T14:56:12 IST" duration-ms="51480">
      <class name="com.janitri.qa.tests.LoginTest">
        <test-method is-config="true" signature="setUp()[pri:0, instance:com.janitri.qa.tests.LoginTest@6069db50]" started-at="2025-07-31T14:55:20 IST" name="setUp" finished-at="2025-07-31T14:55:25 IST" duration-ms="5198" status="PASS">
          <reporter-output>
          </reporter-output>
        </test-method> <!-- setUp -->
        <test-method is-config="true" signature="setUpTest()[pri:0, instance:com.janitri.qa.tests.LoginTest@6069db50]" started-at="2025-07-31T14:55:25 IST" name="setUpTest" finished-at="2025-07-31T14:55:28 IST" duration-ms="2386" status="PASS">
          <reporter-output>
          </reporter-output>
        </test-method> <!-- setUpTest -->
        <test-method signature="testElementsVisible()[pri:0, instance:com.janitri.qa.tests.LoginTest@6069db50]" started-at="2025-07-31T14:55:28 IST" name="testElementsVisible" finished-at="2025-07-31T14:55:28 IST" duration-ms="120" status="PASS">
          <reporter-output>
          </reporter-output>
        </test-method> <!-- testElementsVisible -->
        <test-method is-config="true" signature="tearDown()[pri:0, instance:com.janitri.qa.tests.LoginTest@6069db50]" started-at="2025-07-31T14:55:28 IST" name="tearDown" finished-at="2025-07-31T14:55:28 IST" duration-ms="242" status="PASS">
          <reporter-output>
          </reporter-output>
        </test-method> <!-- tearDown -->
        <test-method is-config="true" signature="setUp()[pri:0, instance:com.janitri.qa.tests.LoginTest@6069db50]" started-at="2025-07-31T14:55:28 IST" name="setUp" finished-at="2025-07-31T14:55:34 IST" duration-ms="5999" status="PASS">
          <reporter-output>
          </reporter-output>
        </test-method> <!-- setUp -->
        <test-method is-config="true" signature="setUpTest()[pri:0, instance:com.janitri.qa.tests.LoginTest@6069db50]" started-at="2025-07-31T14:55:34 IST" name="setUpTest" finished-at="2025-07-31T14:55:41 IST" duration-ms="6666" status="PASS">
          <reporter-output>
          </reporter-output>
        </test-method> <!-- setUpTest -->
        <test-method signature="testInvalidLoginShowErrorMsg()[pri:0, instance:com.janitri.qa.tests.LoginTest@6069db50]" started-at="2025-07-31T14:55:41 IST" name="testInvalidLoginShowErrorMsg" finished-at="2025-07-31T14:55:52 IST" duration-ms="10940" status="FAIL">
          <exception class="java.lang.AssertionError">
            <message>
              <![CDATA[Should show error for invalid login expected [true] but found [false]]]>
            </message>
            <full-stacktrace>
              <![CDATA[java.lang.AssertionError: Should show error for invalid login expected [true] but found [false]
at org.testng.Assert.fail(Assert.java:111)
at org.testng.Assert.failNotEquals(Assert.java:1578)
at org.testng.Assert.assertTrue(Assert.java:57)
at com.janitri.qa.tests.LoginTest.testInvalidLoginShowErrorMsg(LoginTest.java:29)
at java.base/jdk.internal.reflect.DirectMethodHandleAccessor.invoke(DirectMethodHandleAccessor.java:103)
at java.base/java.lang.reflect.Method.invoke(Method.java:580)
at org.testng.internal.invokers.MethodInvocationHelper.invokeMethod(MethodInvocationHelper.java:139)
at org.testng.internal.invokers.TestInvoker.invokeMethod(TestInvoker.java:664)
at org.testng.internal.invokers.TestInvoker.invokeTestMethod(TestInvoker.java:227)
at org.testng.internal.invokers.MethodRunner.runInSequence(MethodRunner.java:50)
at org.testng.internal.invokers.TestInvoker$MethodInvocationAgent.invoke(TestInvoker.java:957)
at org.testng.internal.invokers.TestInvoker.invokeTestMethods(TestInvoker.java:200)
at org.testng.internal.invokers.TestMethodWorker.invokeTestMethods(TestMethodWorker.java:148)
at org.testng.internal.invokers.TestMethodWorker.run(TestMethodWorker.java:128)
at java.base/java.util.ArrayList.forEach(ArrayList.java:1596)
at org.testng.TestRunner.privateRun(TestRunner.java:848)
at org.testng.TestRunner.run(TestRunner.java:621)
at org.testng.SuiteRunner.runTest(SuiteRunner.java:443)
at org.testng.SuiteRunner.runSequentially(SuiteRunner.java:437)
at org.testng.SuiteRunner.privateRun(SuiteRunner.java:397)
at org.testng.SuiteRunner.run(SuiteRunner.java:336)
at org.testng.SuiteRunnerWorker.runSuite(SuiteRunnerWorker.java:52)
at org.testng.SuiteRunnerWorker.run(SuiteRunnerWorker.java:95)
at org.testng.TestNG.runSuitesSequentially(TestNG.java:1280)
at org.testng.TestNG.runSuitesLocally(TestNG.java:1200)
at org.testng.TestNG.runSuites(TestNG.java:1114)
at org.testng.TestNG.run(TestNG.java:1082)
at org.testng.remote.AbstractRemoteTestNG.run(AbstractRemoteTestNG.java:115)
at org.testng.remote.RemoteTestNG.initAndRun(RemoteTestNG.java:293)
at org.testng.remote.RemoteTestNG.main(RemoteTestNG.java:91)
]]>
            </full-stacktrace>
          </exception> <!-- java.lang.AssertionError -->
          <reporter-output>
          </reporter-output>
        </test-method> <!-- testInvalidLoginShowErrorMsg -->
        <test-method is-config="true" signature="tearDown()[pri:0, instance:com.janitri.qa.tests.LoginTest@6069db50]" started-at="2025-07-31T14:55:52 IST" name="tearDown" finished-at="2025-07-31T14:55:52 IST" duration-ms="277" status="PASS">
          <reporter-output>
          </reporter-output>
        </test-method> <!-- tearDown -->
        <test-method is-config="true" signature="setUp()[pri:0, instance:com.janitri.qa.tests.LoginTest@6069db50]" started-at="2025-07-31T14:55:52 IST" name="setUp" finished-at="2025-07-31T14:55:54 IST" duration-ms="2188" status="PASS">
          <reporter-output>
          </reporter-output>
        </test-method> <!-- setUp -->
        <test-method is-config="true" signature="setUpTest()[pri:0, instance:com.janitri.qa.tests.LoginTest@6069db50]" started-at="2025-07-31T14:55:54 IST" name="setUpTest" finished-at="2025-07-31T14:56:00 IST" duration-ms="5286" status="PASS">
          <reporter-output>
          </reporter-output>
        </test-method> <!-- setUpTest -->
        <test-method signature="testLoginButtonEnabledEvenWhenFieldsAreEmpty()[pri:0, instance:com.janitri.qa.tests.LoginTest@6069db50]" started-at="2025-07-31T14:56:00 IST" name="testLoginButtonEnabledEvenWhenFieldsAreEmpty" finished-at="2025-07-31T14:56:00 IST" duration-ms="166" status="PASS">
          <reporter-output>
          </reporter-output>
        </test-method> <!-- testLoginButtonEnabledEvenWhenFieldsAreEmpty -->
        <test-method is-config="true" signature="tearDown()[pri:0, instance:com.janitri.qa.tests.LoginTest@6069db50]" started-at="2025-07-31T14:56:00 IST" name="tearDown" finished-at="2025-07-31T14:56:00 IST" duration-ms="231" status="PASS">
          <reporter-output>
          </reporter-output>
        </test-method> <!-- tearDown -->
        <test-method is-config="true" signature="setUp()[pri:0, instance:com.janitri.qa.tests.LoginTest@6069db50]" started-at="2025-07-31T14:56:00 IST" name="setUp" finished-at="2025-07-31T14:56:04 IST" duration-ms="4009" status="PASS">
          <reporter-output>
          </reporter-output>
        </test-method> <!-- setUp -->
        <test-method is-config="true" signature="setUpTest()[pri:0, instance:com.janitri.qa.tests.LoginTest@6069db50]" started-at="2025-07-31T14:56:04 IST" name="setUpTest" finished-at="2025-07-31T14:56:11 IST" duration-ms="7273" status="PASS">
          <reporter-output>
          </reporter-output>
        </test-method> <!-- setUpTest -->
        <test-method signature="testPasswordMaskedButton()[pri:0, instance:com.janitri.qa.tests.LoginTest@6069db50]" started-at="2025-07-31T14:56:11 IST" name="testPasswordMaskedButton" finished-at="2025-07-31T14:56:11 IST" duration-ms="200" status="PASS">
          <reporter-output>
          </reporter-output>
        </test-method> <!-- testPasswordMaskedButton -->
        <test-method is-config="true" signature="tearDown()[pri:0, instance:com.janitri.qa.tests.LoginTest@6069db50]" started-at="2025-07-31T14:56:11 IST" name="tearDown" finished-at="2025-07-31T14:56:12 IST" duration-ms="241" status="PASS">
          <reporter-output>
          </reporter-output>
        </test-method> <!-- tearDown -->
      </class> <!-- com.janitri.qa.tests.LoginTest -->
    </test> <!-- Login Tests -->
  </suite> <!-- Janitri Test Suite -->
</testng-results>
